# JRE version: Java(TM) SE Runtime Environment (20.0.2+9) (build 20.0.2+9-78)
# Java VM: Java HotSpot(TM) 64-Bit Server VM (20.0.2+9-78, mixed mode, sharing, tiered, compressed oops, compressed class ptrs, g1 gc, windows-amd64)
GC Precious Log:
 CardTable entry size: 512
 Card Set container configuration: InlinePtr #cards 4 size 8 Array Of Cards #cards 16 size 48 Howl #buckets 8 coarsen threshold 3686 Howl Bitmap #cards 512 size 80 coarsen threshold 460 Card regions per heap region 1 cards per card region 4096
 CPUs: 8 total, 8 available
 Memory: 16167M
 Large Page Support: Disabled
 NUMA Support: Disabled
 Compressed Oops: Enabled (Zero based)
 Heap Region Size: 2M
 Heap Min Capacity: 8M
 Heap Initial Capacity: 254M
 Heap Max Capacity: 4042M
 Pre-touch: Disabled
 Parallel Workers: 8
 Concurrent Workers: 2
 Concurrent Refinement Workers: 8
 Periodic GC: Disabled
Heap:
 garbage-first heap   total 69632K, used 45845K [0x0000000703600000, 0x0000000800000000)
  region size 2048K, 14 young (28672K), 0 survivors (0K)
 Metaspace       used 41866K, committed 42368K, reserved 1114112K
  class space    used 4942K, committed 5184K, reserved 1048576K
GC Heap History (20 events):
Event: 123.971 GC heap before
{Heap before GC invocations=12 (full 0):
 garbage-first heap   total 69632K, used 56621K [0x0000000703600000, 0x0000000800000000)
  region size 2048K, 19 young (38912K), 2 survivors (4096K)
 Metaspace       used 39970K, committed 40512K, reserved 1114112K
  class space    used 4815K, committed 5056K, reserved 1048576K
}
Event: 123.973 GC heap after
{Heap after GC invocations=13 (full 0):
 garbage-first heap   total 69632K, used 21762K [0x0000000703600000, 0x0000000800000000)
  region size 2048K, 2 young (4096K), 2 survivors (4096K)
 Metaspace       used 39970K, committed 40512K, reserved 1114112K
  class space    used 4815K, committed 5056K, reserved 1048576K
}
Event: 184.569 GC heap before
{Heap before GC invocations=13 (full 0):
 garbage-first heap   total 69632K, used 56578K [0x0000000703600000, 0x0000000800000000)
  region size 2048K, 19 young (38912K), 2 survivors (4096K)
 Metaspace       used 40108K, committed 40640K, reserved 1114112K
  class space    used 4824K, committed 5056K, reserved 1048576K
}
Event: 184.571 GC heap after
{Heap after GC invocations=14 (full 0):
 garbage-first heap   total 69632K, used 22331K [0x0000000703600000, 0x0000000800000000)
  region size 2048K, 2 young (4096K), 2 survivors (4096K)
 Metaspace       used 40108K, committed 40640K, reserved 1114112K
  class space    used 4824K, committed 5056K, reserved 1048576K
}
Event: 194.521 GC heap before
{Heap before GC invocations=14 (full 0):
 garbage-first heap   total 69632K, used 26427K [0x0000000703600000, 0x0000000800000000)
  region size 2048K, 5 young (10240K), 2 survivors (4096K)
 Metaspace       used 40315K, committed 40896K, reserved 1114112K
  class space    used 4854K, committed 5120K, reserved 1048576K
}
Event: 194.553 GC heap after
{Heap after GC invocations=15 (full 1):
 garbage-first heap   total 69632K, used 19881K [0x0000000703600000, 0x0000000800000000)
  region size 2048K, 0 young (0K), 0 survivors (0K)
 Metaspace       used 40315K, committed 40896K, reserved 1114112K
  class space    used 4854K, committed 5120K, reserved 1048576K
}
Event: 202.565 GC heap before
{Heap before GC invocations=15 (full 1):
 garbage-first heap   total 69632K, used 58793K [0x0000000703600000, 0x0000000800000000)
  region size 2048K, 20 young (40960K), 0 survivors (0K)
 Metaspace       used 40751K, committed 41280K, reserved 1114112K
  class space    used 4865K, committed 5120K, reserved 1048576K
}
Event: 202.569 GC heap after
{Heap after GC invocations=16 (full 1):
 garbage-first heap   total 69632K, used 22298K [0x0000000703600000, 0x0000000800000000)
  region size 2048K, 2 young (4096K), 2 survivors (4096K)
 Metaspace       used 40751K, committed 41280K, reserved 1114112K
  class space    used 4865K, committed 5120K, reserved 1048576K
}
Event: 268.624 GC heap before
{Heap before GC invocations=16 (full 1):
 garbage-first heap   total 69632K, used 57114K [0x0000000703600000, 0x0000000800000000)
  region size 2048K, 19 young (38912K), 2 survivors (4096K)
 Metaspace       used 40783K, committed 41344K, reserved 1114112K
  class space    used 4865K, committed 5120K, reserved 1048576K
}
Event: 268.625 GC heap after
{Heap after GC invocations=17 (full 1):
 garbage-first heap   total 69632K, used 22200K [0x0000000703600000, 0x0000000800000000)
  region size 2048K, 2 young (4096K), 2 survivors (4096K)
 Metaspace       used 40783K, committed 41344K, reserved 1114112K
  class space    used 4865K, committed 5120K, reserved 1048576K
}
Event: 335.043 GC heap before
{Heap before GC invocations=17 (full 1):
 garbage-first heap   total 69632K, used 57016K [0x0000000703600000, 0x0000000800000000)
  region size 2048K, 19 young (38912K), 2 survivors (4096K)
 Metaspace       used 40794K, committed 41344K, reserved 1114112K
  class space    used 4865K, committed 5120K, reserved 1048576K
}
Event: 335.045 GC heap after
{Heap after GC invocations=18 (full 1):
 garbage-first heap   total 69632K, used 22135K [0x0000000703600000, 0x0000000800000000)
  region size 2048K, 2 young (4096K), 2 survivors (4096K)
 Metaspace       used 40794K, committed 41344K, reserved 1114112K
  class space    used 4865K, committed 5120K, reserved 1048576K
}
Event: 399.225 GC heap before
{Heap before GC invocations=18 (full 1):
 garbage-first heap   total 69632K, used 56951K [0x0000000703600000, 0x0000000800000000)
  region size 2048K, 19 young (38912K), 2 survivors (4096K)
 Metaspace       used 40795K, committed 41344K, reserved 1114112K
  class space    used 4865K, committed 5120K, reserved 1048576K
}
Event: 399.227 GC heap after
{Heap after GC invocations=19 (full 1):
 garbage-first heap   total 69632K, used 22182K [0x0000000703600000, 0x0000000800000000)
  region size 2048K, 2 young (4096K), 2 survivors (4096K)
 Metaspace       used 40795K, committed 41344K, reserved 1114112K
  class space    used 4865K, committed 5120K, reserved 1048576K
}
Event: 449.526 GC heap before
{Heap before GC invocations=19 (full 1):
 garbage-first heap   total 69632K, used 54950K [0x0000000703600000, 0x0000000800000000)
  region size 2048K, 19 young (38912K), 2 survivors (4096K)
 Metaspace       used 41458K, committed 41984K, reserved 1114112K
  class space    used 4931K, committed 5184K, reserved 1048576K
}
Event: 449.529 GC heap after
{Heap after GC invocations=20 (full 1):
 garbage-first heap   total 69632K, used 23244K [0x0000000703600000, 0x0000000800000000)
  region size 2048K, 2 young (4096K), 2 survivors (4096K)
 Metaspace       used 41458K, committed 41984K, reserved 1114112K
  class space    used 4931K, committed 5184K, reserved 1048576K
}
Event: 512.121 GC heap before
{Heap before GC invocations=20 (full 1):
 garbage-first heap   total 69632K, used 58060K [0x0000000703600000, 0x0000000800000000)
  region size 2048K, 19 young (38912K), 2 survivors (4096K)
 Metaspace       used 41606K, committed 42112K, reserved 1114112K
  class space    used 4931K, committed 5184K, reserved 1048576K
}
Event: 512.123 GC heap after
{Heap after GC invocations=21 (full 1):
 garbage-first heap   total 69632K, used 23203K [0x0000000703600000, 0x0000000800000000)
  region size 2048K, 1 young (2048K), 1 survivors (2048K)
 Metaspace       used 41606K, committed 42112K, reserved 1114112K
  class space    used 4931K, committed 5184K, reserved 1048576K
}
Event: 534.794 GC heap before
{Heap before GC invocations=21 (full 1):
 garbage-first heap   total 69632K, used 35491K [0x0000000703600000, 0x0000000800000000)
  region size 2048K, 8 young (16384K), 1 survivors (2048K)
 Metaspace       used 41625K, committed 42176K, reserved 1114112K
  class space    used 4934K, committed 5184K, reserved 1048576K
}
Event: 534.819 GC heap after
{Heap after GC invocations=22 (full 2):
 garbage-first heap   total 69632K, used 21269K [0x0000000703600000, 0x0000000800000000)
  region size 2048K, 0 young (0K), 0 survivors (0K)
 Metaspace       used 41625K, committed 42176K, reserved 1114112K
  class space    used 4934K, committed 5184K, reserved 1048576K
}

